<?xml version="1.0" encoding="UTF-8"?>
<!-- Generated by org.testng.reporters.JUnitXMLReporter -->
<testsuite ignored="0" hostname="DESKTOP-5UH8CVV" failures="0" tests="6" name="Test" time="0.035" errors="0" timestamp="2020-10-17T22:53:44 EDT">
  <testcase classname="qaclickacademy.ResrAPItest" name="Deletetwitter" time="0.003"/>
  <testcase classname="qaclickacademy.ResrAPItest" name="Postjira" time="0.001"/>
  <testcase classname="qaclickacademy.APItest" name="IOSapp" time="0.001"/>
  <testcase classname="qaclickacademy.APItest" name="NativeAppandroid" time="0.0"/>
  <testcase classname="qaclickacademy.Seleniumtest" name="BrowserAutomation" time="0.0"/>
  <testcase classname="qaclickacademy.Seleniumtest" name="ElementURL" time="0.0"/>
</testsuite> <!-- Test -->
