<?xml version="1.0" encoding="UTF-8"?>
<testng-results ignored="0" total="6" passed="6" failed="0" skipped="0">
  <reporter-output>
  </reporter-output>
  <suite started-at="2020-10-17T22:53:44 EDT" name="Suite" finished-at="2020-10-17T22:53:44 EDT" duration-ms="35">
    <groups>
    </groups>
    <test started-at="2020-10-17T22:53:44 EDT" name="Test" finished-at="2020-10-17T22:53:44 EDT" duration-ms="35">
      <class name="qaclickacademy.ResrAPItest">
        <test-method signature="Deletetwitter()[pri:0, instance:qaclickacademy.ResrAPItest@4df50bcc]" started-at="2020-10-17T22:53:44 EDT" name="Deletetwitter" finished-at="2020-10-17T22:53:44 EDT" duration-ms="3" status="PASS">
          <reporter-output>
          </reporter-output>
        </test-method> <!-- Deletetwitter -->
        <test-method signature="Postjira()[pri:0, instance:qaclickacademy.ResrAPItest@4df50bcc]" started-at="2020-10-17T22:53:44 EDT" name="Postjira" finished-at="2020-10-17T22:53:44 EDT" duration-ms="1" status="PASS">
          <reporter-output>
          </reporter-output>
        </test-method> <!-- Postjira -->
      </class> <!-- qaclickacademy.ResrAPItest -->
      <class name="qaclickacademy.APItest">
        <test-method signature="IOSapp()[pri:0, instance:qaclickacademy.APItest@6b26e945]" started-at="2020-10-17T22:53:44 EDT" name="IOSapp" finished-at="2020-10-17T22:53:44 EDT" duration-ms="1" status="PASS">
          <reporter-output>
          </reporter-output>
        </test-method> <!-- IOSapp -->
        <test-method signature="NativeAppandroid()[pri:0, instance:qaclickacademy.APItest@6b26e945]" started-at="2020-10-17T22:53:44 EDT" name="NativeAppandroid" finished-at="2020-10-17T22:53:44 EDT" duration-ms="0" status="PASS">
          <reporter-output>
          </reporter-output>
        </test-method> <!-- NativeAppandroid -->
      </class> <!-- qaclickacademy.APItest -->
      <class name="qaclickacademy.Seleniumtest">
        <test-method signature="BrowserAutomation()[pri:0, instance:qaclickacademy.Seleniumtest@63a65a25]" started-at="2020-10-17T22:53:44 EDT" name="BrowserAutomation" finished-at="2020-10-17T22:53:44 EDT" duration-ms="0" status="PASS">
          <reporter-output>
          </reporter-output>
        </test-method> <!-- BrowserAutomation -->
        <test-method signature="ElementURL()[pri:0, instance:qaclickacademy.Seleniumtest@63a65a25]" started-at="2020-10-17T22:53:44 EDT" name="ElementURL" finished-at="2020-10-17T22:53:44 EDT" duration-ms="0" status="PASS">
          <reporter-output>
          </reporter-output>
        </test-method> <!-- ElementURL -->
      </class> <!-- qaclickacademy.Seleniumtest -->
    </test> <!-- Test -->
  </suite> <!-- Suite -->
</testng-results>
